0 info it worked if it ends with ok
1 verbose cli [ '/usr/bin/nodejs', '/usr/bin/npm', 'start' ]
2 info using npm@1.4.21
3 info using node@v0.10.25
4 verbose run-script [ 'prestart', 'start', 'poststart' ]
5 info prestart MySpecialDays@0.0.0-17
6 info start MySpecialDays@0.0.0-17
7 verbose unsafe-perm in lifecycle true
8 info MySpecialDays@0.0.0-17 Failed to exec start script
9 error MySpecialDays@0.0.0-17 start: `node app.js`
9 error Exit status 8
10 error Failed at the MySpecialDays@0.0.0-17 start script.
10 error This is most likely a problem with the MySpecialDays package,
10 error not with npm itself.
10 error Tell the author that this fails on your system:
10 error     node app.js
10 error You can get their info via:
10 error     npm owner ls MySpecialDays
10 error There is likely additional logging output above.
11 error System Linux 2.6.32-042stab103.6
12 error command "/usr/bin/nodejs" "/usr/bin/npm" "start"
13 error cwd /home/pango/projects/msd_v2
14 error node -v v0.10.25
15 error npm -v 1.4.21
16 error code ELIFECYCLE
17 verbose exit [ 1, true ]
